749
1
28
872 988
372 386
171 327
162 338
409 438
631 662
817 825
61 185
841 943
67 114
2 31
264 285
20 58
414 444
835 980
182 273
837 846
51 157
10 91
27 40
169 256
838 974
454 510
824 847
32 59
204 227
490 630
128 248
49 105
573 643
44 160
636 769
224 231
341 484
475 619
115 221
313
330 402
36 88
138 150
862 911
76 117
609 625
521 580
832 892
126 165
455 563
495 511
339 401
861 995
415 545
879 937
894 897
8 137
866 982
789 808
344 481
72 153
118 175
236 291
15 102
934 967
252 408
405 492
898 956
93 161
99 195
603 753
390 524
856 912
528 670
413 469
622 721
795 947
108 146
840 932
447 586
585 735
410 494
124 133
189
198 373
470 617
375 394
620 681
853 884
553 686
365 513
816 977
242 355
815
223 392
407 432
984 993
945 973
482 615
55 151
608 698
46 96
624 770
152 238
695 814
147 243
833 960
324 437
818 927
765 930
345 428
612 628
566 697
828 957
763 796
288 336
26 54
275
813 915
705 737
443 543
100
834 919
196
436
188 337
424 534
661 801
262 403
383 525
101 183
37 163
858 883
458 581
873 885
653 675
57 155
758 773
471 564
518 542
145
768
703 800
716 726
87
211
18 69
218 304
572 583
588
290 350
657 744
47 64
752 797
659 759
461 529
207 368
259 388
665 794
422 464
522 544
821
660 760
857 868
215 246
578 720
876 990
191 199
901 996
129 257
181
66 68
478 512
452 459
301
601 717
465 562
263 289
92
237 250
501 651
22
775
929 991
3
387
17
700 701
671
359 434
5
503 537
881 882
664 684
272
321 398
180 214
381
848
206 280
148
245
210
406
295 376
134 226
310 382
810 968
255
247
52 80
371 487
441
144 266
762 910
34
571 577
590 637
251
607 711
363 395
95 234
673 731
42
123 269
635 806
297 353
94 97
710 749
798 903
595 699
781 805
9
60
197
558 600
202
468
689 740
216
298
715 751
450
81
949 965
7
466 517
946 952
12 30
116 131
260
24
125
244 385
111
666 774
418 496
417 548
318 399
527 668
6 85
916 979
156 270
300
89
618 632
555
579 589
90
65 84
158 168
71 130
723
499
532
149
271 331
241
476 535
958 961
891 941
23
582 674
523 599
172 249
82 143
48
688
258
598 683
307 445
139
928 953
426 552
463
457
803
312
547 634
73
743
364
384 474
208
38
203
750 793
732
283
871 904
746
106
644
309
536
709 714
13
606
287
322 366
127
217
550
187
788 918
429
776
119 173
334
356
933
771
560
576
0 53
62
514
222
869
274
200 343
497
230
515
498 568
926
754
940 985
70
561
647
500
286
78
811
19
896
638
325
831
802
575
970
278
219
685 696
913
320
11
604
113
516
4
823
844
981 999
205
520
867
328
393
859
772
530
25
602
277
778
332
416
596
567
830
594
712
845
623
397
950
889
316
736
730
21
860
306 335
281
228
677
820
109
629
812
777
179
905
79 86
964
605
41
433
526
939
276
785
538
279
178
839
779
963
282
456
294
103
439
348
551
936
678
747
292
648
587 676
29
790
14
533
899
850
784
654
549
540
791
284
391
908
299
792
787
519
235
541
942
166
296
190 253
804
293
650
924
446
539
423
756
782 920
975
531
559
302
367
997
864
786
419 427
546
404
370
159
35
358
951
570
557
509
584
412
389
836
706
888
702
799
167
209
45
827
451
745
98
347
329
972
556
923
323
959
627
849
74
154
483
843
890
493
826
77
213
656
319
728
925
140
718
254
50
479
938
489
649
655
142
75
616
971
962
719
440
724
887
16
741
611
554
906
874
460
646
141
994
193
378
667
902 909
326
83
565
734
878
852
480
663
907
725
472
261
591
895
473
360
819
679
592
842
727
613
212
225
729
922
880
658
652
645
983
966
453
361
317
229
400
593
969
396
448
914
411
63
505
485
921
809
380
233
893
626
164
780
502
738
597
333
430
507
220
976
917
176
614
978
722
694
854
379
687
669
865
349
340
107
851
488
733
362
425
342
986
170
682
486
987
467
194
504
757
232
900
435
268
420
944
855
122
43
352
761
998
992
641
739
692
267
303
506
935
672
477
33
863
693
621
112
177
691
875
240
174
704
120
948
346
314
377
954
121
201
807
574
508
680
742
989
610
442
311
886
708
239
707
462
265
877
755
184
569
931
354
633 783
135
39
421
357
351
491
56
305
308
713
822
136
639
369
690
767
764
955
766
110
192
642
186
431
748
870
640
374
132
315
829
